<?xml version="1.0" encoding="UTF-8" ?>
<!DOCTYPE mapper PUBLIC "-//mybatis.org//DTD Mapper 3.0//EN" "http://mybatis.org/dtd/mybatis-3-mapper.dtd">
<mapper namespace="com.faujor.dao.master.task.Test1Mapper">
	<resultMap type="com.faujor.entity.task.TestDO" id="test">
		<id property="id" column="id" />
		<result property="remark" column="remark" />
	</resultMap>













</mapper>